# JRE version: OpenJDK Runtime Environment (15.0.1+9) (build 15.0.1+9-18)
# Java VM: OpenJDK 64-Bit Server VM (15.0.1+9-18, mixed mode, sharing, tiered, compressed oops, g1 gc, windows-amd64)
GC Precious Log:
 CPUs: 4 total, 4 available
 Memory: 8182M
 Large Page Support: Disabled
 NUMA Support: Disabled
 Compressed Oops: Enabled (32-bit)
 Heap Region Size: 1M
 Heap Min Capacity: 8M
 Heap Initial Capacity: 128M
 Heap Max Capacity: 2046M
 Pre-touch: Disabled
 Parallel Workers: 4
 Concurrent Workers: 1
 Concurrent Refinement Workers: 4
 Periodic GC: Disabled
Heap:
 garbage-first heap   total 73728K, used 51117K [0x0000000080200000, 0x0000000100000000)
  region size 1024K, 30 young (30720K), 5 survivors (5120K)
 Metaspace       used 53788K, capacity 54249K, committed 54428K, reserved 1095680K
  class space    used 7209K, capacity 7364K, committed 7500K, reserved 1048576K
GC Heap History (20 events):
Event: 4.106 GC heap before
{Heap before GC invocations=3 (full 0):
 garbage-first heap   total 131072K, used 80814K [0x0000000080200000, 0x0000000100000000)
  region size 1024K, 74 young (75776K), 3 survivors (3072K)
 Metaspace       used 16451K, capacity 16739K, committed 16896K, reserved 1064960K
  class space    used 2122K, capacity 2237K, committed 2304K, reserved 1048576K
}
Event: 4.118 GC heap after
{Heap after GC invocations=4 (full 0):
 garbage-first heap   total 131072K, used 11750K [0x0000000080200000, 0x0000000100000000)
  region size 1024K, 5 young (5120K), 5 survivors (5120K)
 Metaspace       used 16451K, capacity 16739K, committed 16896K, reserved 1064960K
  class space    used 2122K, capacity 2237K, committed 2304K, reserved 1048576K
}
Event: 5.317 GC heap before
{Heap before GC invocations=4 (full 0):
 garbage-first heap   total 131072K, used 46566K [0x0000000080200000, 0x0000000100000000)
  region size 1024K, 40 young (40960K), 5 survivors (5120K)
 Metaspace       used 20780K, capacity 21148K, committed 21296K, reserved 1067008K
  class space    used 2763K, capacity 2879K, committed 2944K, reserved 1048576K
}
Event: 5.336 GC heap after
{Heap after GC invocations=5 (full 0):
 garbage-first heap   total 131072K, used 13423K [0x0000000080200000, 0x0000000100000000)
  region size 1024K, 7 young (7168K), 7 survivors (7168K)
 Metaspace       used 20780K, capacity 21148K, committed 21296K, reserved 1067008K
  class space    used 2763K, capacity 2879K, committed 2944K, reserved 1048576K
}
Event: 5.868 GC heap before
{Heap before GC invocations=6 (full 0):
 garbage-first heap   total 51200K, used 35951K [0x0000000080200000, 0x0000000100000000)
  region size 1024K, 30 young (30720K), 7 survivors (7168K)
 Metaspace       used 23737K, capacity 24107K, committed 24240K, reserved 1071104K
  class space    used 3148K, capacity 3268K, committed 3328K, reserved 1048576K
}
Event: 5.895 GC heap after
{Heap after GC invocations=7 (full 0):
 garbage-first heap   total 61440K, used 15794K [0x0000000080200000, 0x0000000100000000)
  region size 1024K, 3 young (3072K), 3 survivors (3072K)
 Metaspace       used 23737K, capacity 24107K, committed 24240K, reserved 1071104K
  class space    used 3148K, capacity 3268K, committed 3328K, reserved 1048576K
}
Event: 5.920 GC heap before
{Heap before GC invocations=7 (full 0):
 garbage-first heap   total 61440K, used 43442K [0x0000000080200000, 0x0000000100000000)
  region size 1024K, 31 young (31744K), 3 survivors (3072K)
 Metaspace       used 23737K, capacity 24107K, committed 24240K, reserved 1071104K
  class space    used 3148K, capacity 3268K, committed 3328K, reserved 1048576K
}
Event: 5.927 GC heap after
{Heap after GC invocations=8 (full 0):
 garbage-first heap   total 61440K, used 15282K [0x0000000080200000, 0x0000000100000000)
  region size 1024K, 2 young (2048K), 2 survivors (2048K)
 Metaspace       used 23737K, capacity 24107K, committed 24240K, reserved 1071104K
  class space    used 3148K, capacity 3268K, committed 3328K, reserved 1048576K
}
Event: 6.663 GC heap before
{Heap before GC invocations=8 (full 0):
 garbage-first heap   total 61440K, used 44978K [0x0000000080200000, 0x0000000100000000)
  region size 1024K, 32 young (32768K), 2 survivors (2048K)
 Metaspace       used 28468K, capacity 28881K, committed 29104K, reserved 1075200K
  class space    used 3823K, capacity 3983K, committed 4096K, reserved 1048576K
}
Event: 6.673 GC heap after
{Heap after GC invocations=9 (full 0):
 garbage-first heap   total 61440K, used 16520K [0x0000000080200000, 0x0000000100000000)
  region size 1024K, 4 young (4096K), 4 survivors (4096K)
 Metaspace       used 28468K, capacity 28881K, committed 29104K, reserved 1075200K
  class space    used 3823K, capacity 3983K, committed 4096K, reserved 1048576K
}
Event: 7.514 GC heap before
{Heap before GC invocations=9 (full 0):
 garbage-first heap   total 61440K, used 35976K [0x0000000080200000, 0x0000000100000000)
  region size 1024K, 24 young (24576K), 4 survivors (4096K)
 Metaspace       used 35433K, capacity 35843K, committed 35920K, reserved 1081344K
  class space    used 4719K, capacity 4851K, committed 4864K, reserved 1048576K
}
Event: 7.529 GC heap after
{Heap after GC invocations=10 (full 0):
 garbage-first heap   total 61440K, used 19482K [0x0000000080200000, 0x0000000100000000)
  region size 1024K, 5 young (5120K), 5 survivors (5120K)
 Metaspace       used 35433K, capacity 35843K, committed 35920K, reserved 1081344K
  class space    used 4719K, capacity 4851K, committed 4864K, reserved 1048576K
}
Event: 7.975 GC heap before
{Heap before GC invocations=11 (full 0):
 garbage-first heap   total 61440K, used 45082K [0x0000000080200000, 0x0000000100000000)
  region size 1024K, 31 young (31744K), 5 survivors (5120K)
 Metaspace       used 37827K, capacity 38194K, committed 38300K, reserved 1083392K
  class space    used 5010K, capacity 5142K, committed 5196K, reserved 1048576K
}
Event: 7.985 GC heap after
{Heap after GC invocations=12 (full 0):
 garbage-first heap   total 61440K, used 21671K [0x0000000080200000, 0x0000000100000000)
  region size 1024K, 3 young (3072K), 3 survivors (3072K)
 Metaspace       used 37827K, capacity 38194K, committed 38300K, reserved 1083392K
  class space    used 5010K, capacity 5142K, committed 5196K, reserved 1048576K
}
Event: 8.248 GC heap before
{Heap before GC invocations=13 (full 0):
 garbage-first heap   total 61440K, used 45223K [0x0000000080200000, 0x0000000100000000)
  region size 1024K, 27 young (27648K), 3 survivors (3072K)
 Metaspace       used 40065K, capacity 40417K, committed 40604K, reserved 1085440K
  class space    used 5249K, capacity 5369K, committed 5452K, reserved 1048576K
}
Event: 8.253 GC heap after
{Heap after GC invocations=14 (full 0):
 garbage-first heap   total 73728K, used 22976K [0x0000000080200000, 0x0000000100000000)
  region size 1024K, 4 young (4096K), 4 survivors (4096K)
 Metaspace       used 40065K, capacity 40417K, committed 40604K, reserved 1085440K
  class space    used 5249K, capacity 5369K, committed 5452K, reserved 1048576K
}
Event: 9.185 GC heap before
{Heap before GC invocations=14 (full 0):
 garbage-first heap   total 73728K, used 56768K [0x0000000080200000, 0x0000000100000000)
  region size 1024K, 37 young (37888K), 4 survivors (4096K)
 Metaspace       used 46521K, capacity 46912K, committed 47260K, reserved 1089536K
  class space    used 6213K, capacity 6376K, committed 6476K, reserved 1048576K
}
Event: 9.195 GC heap after
{Heap after GC invocations=15 (full 0):
 garbage-first heap   total 73728K, used 25699K [0x0000000080200000, 0x0000000100000000)
  region size 1024K, 5 young (5120K), 5 survivors (5120K)
 Metaspace       used 46521K, capacity 46912K, committed 47260K, reserved 1089536K
  class space    used 6213K, capacity 6376K, committed 6476K, reserved 1048576K
}
Event: 9.810 GC heap before
{Heap before GC invocations=15 (full 0):
 garbage-first heap   total 73728K, used 56419K [0x0000000080200000, 0x0000000100000000)
  region size 1024K, 35 young (35840K), 5 survivors (5120K)
 Metaspace       used 49885K, capacity 50343K, committed 50588K, reserved 1093632K
  class space    used 6725K, capacity 6898K, committed 6988K, reserved 1048576K
}
Event: 9.822 GC heap after
{Heap after GC invocations=16 (full 0):
 garbage-first heap   total 73728K, used 27565K [0x0000000080200000, 0x0000000100000000)
  region size 1024K, 5 young (5120K), 5 survivors (5120K)
 Metaspace       used 49885K, capacity 50343K, committed 50588K, reserved 1093632K
  class space    used 6725K, capacity 6898K, committed 6988K, reserved 1048576K
}

