# JRE version: OpenJDK Runtime Environment (15.0.1+9) (build 15.0.1+9-18)
# Java VM: OpenJDK 64-Bit Server VM (15.0.1+9-18, mixed mode, sharing, tiered, compressed oops, g1 gc, windows-amd64)
GC Precious Log:
 CPUs: 4 total, 4 available
 Memory: 8182M
 Large Page Support: Disabled
 NUMA Support: Disabled
 Compressed Oops: Enabled (32-bit)
 Heap Region Size: 1M
 Heap Min Capacity: 8M
 Heap Initial Capacity: 128M
 Heap Max Capacity: 2046M
 Pre-touch: Disabled
 Parallel Workers: 4
 Concurrent Workers: 1
 Concurrent Refinement Workers: 4
 Periodic GC: Disabled
Heap:
 garbage-first heap   total 157696K, used 13971K [0x0000000080200000, 0x0000000100000000)
  region size 1024K, 7 young (7168K), 7 survivors (7168K)
 Metaspace       used 20835K, capacity 21148K, committed 21296K, reserved 1067008K
  class space    used 2771K, capacity 2879K, committed 2944K, reserved 1048576K
GC Heap History (9 events):
Event: 1.353 GC heap before
{Heap before GC invocations=0 (full 0):
 garbage-first heap   total 131072K, used 13312K [0x0000000080200000, 0x0000000100000000)
  region size 1024K, 13 young (13312K), 0 survivors (0K)
 Metaspace       used 5407K, capacity 5581K, committed 5888K, reserved 1056768K
  class space    used 627K, capacity 702K, committed 768K, reserved 1048576K
}
Event: 1.365 GC heap after
{Heap after GC invocations=1 (full 0):
 garbage-first heap   total 131072K, used 7115K [0x0000000080200000, 0x0000000100000000)
  region size 1024K, 2 young (2048K), 2 survivors (2048K)
 Metaspace       used 5407K, capacity 5581K, committed 5888K, reserved 1056768K
  class space    used 627K, capacity 702K, committed 768K, reserved 1048576K
}
Event: 1.711 GC heap before
{Heap before GC invocations=1 (full 0):
 garbage-first heap   total 131072K, used 14283K [0x0000000080200000, 0x0000000100000000)
  region size 1024K, 10 young (10240K), 2 survivors (2048K)
 Metaspace       used 7103K, capacity 7316K, committed 7424K, reserved 1056768K
  class space    used 853K, capacity 917K, committed 1024K, reserved 1048576K
}
Event: 1.718 GC heap after
{Heap after GC invocations=2 (full 0):
 garbage-first heap   total 131072K, used 7984K [0x0000000080200000, 0x0000000100000000)
  region size 1024K, 1 young (1024K), 1 survivors (1024K)
 Metaspace       used 7103K, capacity 7316K, committed 7424K, reserved 1056768K
  class space    used 853K, capacity 917K, committed 1024K, reserved 1048576K
}
Event: 2.455 GC heap before
{Heap before GC invocations=2 (full 0):
 garbage-first heap   total 131072K, used 25392K [0x0000000080200000, 0x0000000100000000)
  region size 1024K, 19 young (19456K), 1 survivors (1024K)
 Metaspace       used 11162K, capacity 11481K, committed 11520K, reserved 1058816K
  class space    used 1449K, capacity 1535K, committed 1536K, reserved 1048576K
}
Event: 2.464 GC heap after
{Heap after GC invocations=3 (full 0):
 garbage-first heap   total 131072K, used 9335K [0x0000000080200000, 0x0000000100000000)
  region size 1024K, 3 young (3072K), 3 survivors (3072K)
 Metaspace       used 11162K, capacity 11481K, committed 11520K, reserved 1058816K
  class space    used 1449K, capacity 1535K, committed 1536K, reserved 1048576K
}
Event: 3.736 GC heap before
{Heap before GC invocations=3 (full 0):
 garbage-first heap   total 131072K, used 81015K [0x0000000080200000, 0x0000000100000000)
  region size 1024K, 74 young (75776K), 3 survivors (3072K)
 Metaspace       used 16491K, capacity 16809K, committed 16896K, reserved 1064960K
  class space    used 2129K, capacity 2238K, committed 2304K, reserved 1048576K
}
Event: 3.747 GC heap after
{Heap after GC invocations=4 (full 0):
 garbage-first heap   total 131072K, used 11881K [0x0000000080200000, 0x0000000100000000)
  region size 1024K, 5 young (5120K), 5 survivors (5120K)
 Metaspace       used 16491K, capacity 16809K, committed 16896K, reserved 1064960K
  class space    used 2129K, capacity 2238K, committed 2304K, reserved 1048576K
}
Event: 4.690 GC heap before
{Heap before GC invocations=4 (full 0):
 garbage-first heap   total 131072K, used 45673K [0x0000000080200000, 0x0000000100000000)
  region size 1024K, 39 young (39936K), 5 survivors (5120K)
 Metaspace       used 20835K, capacity 21148K, committed 21296K, reserved 1067008K
  class space    used 2771K, capacity 2879K, committed 2944K, reserved 1048576K
}

