# JRE version: OpenJDK Runtime Environment (15.0.1+9) (build 15.0.1+9-18)
# Java VM: OpenJDK 64-Bit Server VM (15.0.1+9-18, mixed mode, sharing, tiered, compressed oops, g1 gc, windows-amd64)
GC Precious Log:
 CPUs: 4 total, 4 available
 Memory: 8182M
 Large Page Support: Disabled
 NUMA Support: Disabled
 Compressed Oops: Enabled (32-bit)
 Heap Region Size: 1M
 Heap Min Capacity: 8M
 Heap Initial Capacity: 128M
 Heap Max Capacity: 2046M
 Pre-touch: Disabled
 Parallel Workers: 4
 Concurrent Workers: 1
 Concurrent Refinement Workers: 4
 Periodic GC: Disabled
Heap:
 garbage-first heap   total 71680K, used 24660K [0x0000000080200000, 0x0000000100000000)
  region size 1024K, 3 young (3072K), 3 survivors (3072K)
 Metaspace       used 44453K, capacity 44836K, committed 44956K, reserved 1095680K
  class space    used 5972K, capacity 6118K, committed 6220K, reserved 1048576K
GC Heap History (20 events):
Event: 2.192 GC heap before
{Heap before GC invocations=1 (full 0):
 garbage-first heap   total 131072K, used 13969K [0x0000000080200000, 0x0000000100000000)
  region size 1024K, 9 young (9216K), 2 survivors (2048K)
 Metaspace       used 6732K, capacity 6973K, committed 7040K, reserved 1056768K
  class space    used 793K, capacity 874K, committed 896K, reserved 1048576K
}
Event: 2.198 GC heap after
{Heap after GC invocations=2 (full 0):
 garbage-first heap   total 131072K, used 7883K [0x0000000080200000, 0x0000000100000000)
  region size 1024K, 1 young (1024K), 1 survivors (1024K)
 Metaspace       used 6732K, capacity 6973K, committed 7040K, reserved 1056768K
  class space    used 793K, capacity 874K, committed 896K, reserved 1048576K
}
Event: 3.182 GC heap before
{Heap before GC invocations=2 (full 0):
 garbage-first heap   total 131072K, used 24267K [0x0000000080200000, 0x0000000100000000)
  region size 1024K, 18 young (18432K), 1 survivors (1024K)
 Metaspace       used 10255K, capacity 10503K, committed 10752K, reserved 1058816K
  class space    used 1341K, capacity 1429K, committed 1536K, reserved 1048576K
}
Event: 3.194 GC heap after
{Heap after GC invocations=3 (full 0):
 garbage-first heap   total 131072K, used 9526K [0x0000000080200000, 0x0000000100000000)
  region size 1024K, 3 young (3072K), 3 survivors (3072K)
 Metaspace       used 10255K, capacity 10503K, committed 10752K, reserved 1058816K
  class space    used 1341K, capacity 1429K, committed 1536K, reserved 1048576K
}
Event: 5.445 GC heap before
{Heap before GC invocations=3 (full 0):
 garbage-first heap   total 131072K, used 81206K [0x0000000080200000, 0x0000000100000000)
  region size 1024K, 74 young (75776K), 3 survivors (3072K)
 Metaspace       used 16409K, capacity 16743K, committed 16896K, reserved 1064960K
  class space    used 2113K, capacity 2203K, committed 2304K, reserved 1048576K
}
Event: 5.461 GC heap after
{Heap after GC invocations=4 (full 0):
 garbage-first heap   total 131072K, used 11706K [0x0000000080200000, 0x0000000100000000)
  region size 1024K, 5 young (5120K), 5 survivors (5120K)
 Metaspace       used 16409K, capacity 16743K, committed 16896K, reserved 1064960K
  class space    used 2113K, capacity 2203K, committed 2304K, reserved 1048576K
}
Event: 7.472 GC heap before
{Heap before GC invocations=4 (full 0):
 garbage-first heap   total 131072K, used 48570K [0x0000000080200000, 0x0000000100000000)
  region size 1024K, 42 young (43008K), 5 survivors (5120K)
 Metaspace       used 20762K, capacity 21132K, committed 21296K, reserved 1067008K
  class space    used 2760K, capacity 2879K, committed 2944K, reserved 1048576K
}
Event: 7.493 GC heap after
{Heap after GC invocations=5 (full 0):
 garbage-first heap   total 131072K, used 14089K [0x0000000080200000, 0x0000000100000000)
  region size 1024K, 7 young (7168K), 7 survivors (7168K)
 Metaspace       used 20762K, capacity 21132K, committed 21296K, reserved 1067008K
  class space    used 2760K, capacity 2879K, committed 2944K, reserved 1048576K
}
Event: 8.196 GC heap before
{Heap before GC invocations=6 (full 0):
 garbage-first heap   total 51200K, used 49929K [0x0000000080200000, 0x0000000100000000)
  region size 1024K, 43 young (44032K), 7 survivors (7168K)
 Metaspace       used 23712K, capacity 24091K, committed 24240K, reserved 1071104K
  class space    used 3144K, capacity 3268K, committed 3328K, reserved 1048576K
}
Event: 8.230 GC heap after
{Heap after GC invocations=7 (full 0):
 garbage-first heap   total 73728K, used 15712K [0x0000000080200000, 0x0000000100000000)
  region size 1024K, 7 young (7168K), 7 survivors (7168K)
 Metaspace       used 23712K, capacity 24091K, committed 24240K, reserved 1071104K
  class space    used 3144K, capacity 3268K, committed 3328K, reserved 1048576K
}
Event: 9.012 GC heap before
{Heap before GC invocations=7 (full 0):
 garbage-first heap   total 73728K, used 51552K [0x0000000080200000, 0x0000000100000000)
  region size 1024K, 43 young (44032K), 7 survivors (7168K)
 Metaspace       used 26383K, capacity 26703K, committed 26928K, reserved 1073152K
  class space    used 3480K, capacity 3628K, committed 3712K, reserved 1048576K
}
Event: 9.031 GC heap after
{Heap after GC invocations=8 (full 0):
 garbage-first heap   total 73728K, used 16576K [0x0000000080200000, 0x0000000100000000)
  region size 1024K, 3 young (3072K), 3 survivors (3072K)
 Metaspace       used 26383K, capacity 26703K, committed 26928K, reserved 1073152K
  class space    used 3480K, capacity 3628K, committed 3712K, reserved 1048576K
}
Event: 10.741 GC heap before
{Heap before GC invocations=8 (full 0):
 garbage-first heap   total 73728K, used 45248K [0x0000000080200000, 0x0000000100000000)
  region size 1024K, 32 young (32768K), 3 survivors (3072K)
 Metaspace       used 35407K, capacity 35827K, committed 35920K, reserved 1081344K
  class space    used 4719K, capacity 4851K, committed 4864K, reserved 1048576K
}
Event: 10.754 GC heap after
{Heap after GC invocations=9 (full 0):
 garbage-first heap   total 73728K, used 19648K [0x0000000080200000, 0x0000000100000000)
  region size 1024K, 6 young (6144K), 6 survivors (6144K)
 Metaspace       used 35407K, capacity 35827K, committed 35920K, reserved 1081344K
  class space    used 4719K, capacity 4851K, committed 4864K, reserved 1048576K
}
Event: 11.718 GC heap before
{Heap before GC invocations=10 (full 0):
 garbage-first heap   total 71680K, used 56512K [0x0000000080200000, 0x0000000100000000)
  region size 1024K, 42 young (43008K), 6 survivors (6144K)
 Metaspace       used 37193K, capacity 37582K, committed 37660K, reserved 1081344K
  class space    used 4918K, capacity 5048K, committed 5068K, reserved 1048576K
}
Event: 11.729 GC heap after
{Heap after GC invocations=11 (full 0):
 garbage-first heap   total 71680K, used 22549K [0x0000000080200000, 0x0000000100000000)
  region size 1024K, 3 young (3072K), 3 survivors (3072K)
 Metaspace       used 37193K, capacity 37582K, committed 37660K, reserved 1081344K
  class space    used 4918K, capacity 5048K, committed 5068K, reserved 1048576K
}
Event: 13.246 GC heap before
{Heap before GC invocations=11 (full 0):
 garbage-first heap   total 71680K, used 53269K [0x0000000080200000, 0x0000000100000000)
  region size 1024K, 34 young (34816K), 3 survivors (3072K)
 Metaspace       used 43408K, capacity 43876K, committed 44060K, reserved 1087488K
  class space    used 5827K, capacity 5990K, committed 6092K, reserved 1048576K
}
Event: 13.254 GC heap after
{Heap after GC invocations=12 (full 0):
 garbage-first heap   total 71680K, used 24631K [0x0000000080200000, 0x0000000100000000)
  region size 1024K, 3 young (3072K), 3 survivors (3072K)
 Metaspace       used 43408K, capacity 43876K, committed 44060K, reserved 1087488K
  class space    used 5827K, capacity 5990K, committed 6092K, reserved 1048576K
}
Event: 13.673 GC heap before
{Heap before GC invocations=12 (full 0):
 garbage-first heap   total 71680K, used 28727K [0x0000000080200000, 0x0000000100000000)
  region size 1024K, 8 young (8192K), 3 survivors (3072K)
 Metaspace       used 44453K, capacity 44836K, committed 44956K, reserved 1093632K
  class space    used 5972K, capacity 6118K, committed 6220K, reserved 1048576K
}
Event: 13.678 GC heap after
{Heap after GC invocations=13 (full 0):
 garbage-first heap   total 71680K, used 24660K [0x0000000080200000, 0x0000000100000000)
  region size 1024K, 3 young (3072K), 3 survivors (3072K)
 Metaspace       used 44453K, capacity 44836K, committed 44956K, reserved 1093632K
  class space    used 5972K, capacity 6118K, committed 6220K, reserved 1048576K
}

