# JRE version: OpenJDK Runtime Environment (15.0.1+9) (build 15.0.1+9-18)
# Java VM: OpenJDK 64-Bit Server VM (15.0.1+9-18, mixed mode, sharing, tiered, compressed oops, g1 gc, windows-amd64)
GC Precious Log:
 CPUs: 4 total, 4 available
 Memory: 8182M
 Large Page Support: Disabled
 NUMA Support: Disabled
 Compressed Oops: Enabled (32-bit)
 Heap Region Size: 1M
 Heap Min Capacity: 8M
 Heap Initial Capacity: 128M
 Heap Max Capacity: 2046M
 Pre-touch: Disabled
 Parallel Workers: 4
 Concurrent Workers: 1
 Concurrent Refinement Workers: 4
 Periodic GC: Disabled
Heap:
 garbage-first heap   total 157696K, used 13718K [0x0000000080200000, 0x0000000100000000)
  region size 1024K, 7 young (7168K), 7 survivors (7168K)
 Metaspace       used 20775K, capacity 21161K, committed 21296K, reserved 1067008K
  class space    used 2753K, capacity 2900K, committed 2944K, reserved 1048576K
GC Heap History (9 events):
Event: 1.547 GC heap before
{Heap before GC invocations=0 (full 0):
 garbage-first heap   total 131072K, used 14336K [0x0000000080200000, 0x0000000100000000)
  region size 1024K, 13 young (13312K), 0 survivors (0K)
 Metaspace       used 5387K, capacity 5557K, committed 5888K, reserved 1056768K
  class space    used 618K, capacity 677K, committed 768K, reserved 1048576K
}
Event: 1.558 GC heap after
{Heap after GC invocations=1 (full 0):
 garbage-first heap   total 131072K, used 6884K [0x0000000080200000, 0x0000000100000000)
  region size 1024K, 2 young (2048K), 2 survivors (2048K)
 Metaspace       used 5387K, capacity 5557K, committed 5888K, reserved 1056768K
  class space    used 618K, capacity 677K, committed 768K, reserved 1048576K
}
Event: 1.850 GC heap before
{Heap before GC invocations=1 (full 0):
 garbage-first heap   total 131072K, used 14052K [0x0000000080200000, 0x0000000100000000)
  region size 1024K, 9 young (9216K), 2 survivors (2048K)
 Metaspace       used 7083K, capacity 7350K, committed 7680K, reserved 1056768K
  class space    used 848K, capacity 940K, committed 1024K, reserved 1048576K
}
Event: 1.857 GC heap after
{Heap after GC invocations=2 (full 0):
 garbage-first heap   total 131072K, used 8137K [0x0000000080200000, 0x0000000100000000)
  region size 1024K, 2 young (2048K), 2 survivors (2048K)
 Metaspace       used 7083K, capacity 7350K, committed 7680K, reserved 1056768K
  class space    used 848K, capacity 940K, committed 1024K, reserved 1048576K
}
Event: 2.889 GC heap before
{Heap before GC invocations=2 (full 0):
 garbage-first heap   total 131072K, used 25545K [0x0000000080200000, 0x0000000100000000)
  region size 1024K, 20 young (20480K), 2 survivors (2048K)
 Metaspace       used 10696K, capacity 11025K, committed 11264K, reserved 1058816K
  class space    used 1430K, capacity 1523K, committed 1536K, reserved 1048576K
}
Event: 2.898 GC heap after
{Heap after GC invocations=3 (full 0):
 garbage-first heap   total 131072K, used 9490K [0x0000000080200000, 0x0000000100000000)
  region size 1024K, 3 young (3072K), 3 survivors (3072K)
 Metaspace       used 10696K, capacity 11025K, committed 11264K, reserved 1058816K
  class space    used 1430K, capacity 1523K, committed 1536K, reserved 1048576K
}
Event: 4.328 GC heap before
{Heap before GC invocations=3 (full 0):
 garbage-first heap   total 131072K, used 83218K [0x0000000080200000, 0x0000000100000000)
  region size 1024K, 76 young (77824K), 3 survivors (3072K)
 Metaspace       used 17032K, capacity 17393K, committed 17408K, reserved 1064960K
  class space    used 2204K, capacity 2297K, committed 2304K, reserved 1048576K
}
Event: 4.341 GC heap after
{Heap after GC invocations=4 (full 0):
 garbage-first heap   total 131072K, used 12083K [0x0000000080200000, 0x0000000100000000)
  region size 1024K, 5 young (5120K), 5 survivors (5120K)
 Metaspace       used 17032K, capacity 17393K, committed 17408K, reserved 1064960K
  class space    used 2204K, capacity 2297K, committed 2304K, reserved 1048576K
}
Event: 5.387 GC heap before
{Heap before GC invocations=4 (full 0):
 garbage-first heap   total 131072K, used 44851K [0x0000000080200000, 0x0000000100000000)
  region size 1024K, 38 young (38912K), 5 survivors (5120K)
 Metaspace       used 20775K, capacity 21161K, committed 21296K, reserved 1067008K
  class space    used 2753K, capacity 2900K, committed 2944K, reserved 1048576K
}

