# JRE version: OpenJDK Runtime Environment (15.0.1+9) (build 15.0.1+9-18)
# Java VM: OpenJDK 64-Bit Server VM (15.0.1+9-18, mixed mode, sharing, tiered, compressed oops, g1 gc, windows-amd64)
GC Precious Log:
 CPUs: 4 total, 4 available
 Memory: 8182M
 Large Page Support: Disabled
 NUMA Support: Disabled
 Compressed Oops: Enabled (32-bit)
 Heap Region Size: 1M
 Heap Min Capacity: 8M
 Heap Initial Capacity: 128M
 Heap Max Capacity: 2046M
 Pre-touch: Disabled
 Parallel Workers: 4
 Concurrent Workers: 1
 Concurrent Refinement Workers: 4
 Periodic GC: Disabled
Heap:
 garbage-first heap   total 157696K, used 13709K [0x0000000080200000, 0x0000000100000000)
  region size 1024K, 7 young (7168K), 7 survivors (7168K)
 Metaspace       used 20782K, capacity 21142K, committed 21296K, reserved 1067008K
  class space    used 2764K, capacity 2878K, committed 2944K, reserved 1048576K
GC Heap History (9 events):
Event: 1.810 GC heap before
{Heap before GC invocations=0 (full 0):
 garbage-first heap   total 131072K, used 13312K [0x0000000080200000, 0x0000000100000000)
  region size 1024K, 13 young (13312K), 0 survivors (0K)
 Metaspace       used 5411K, capacity 5645K, committed 5888K, reserved 1056768K
  class space    used 628K, capacity 702K, committed 768K, reserved 1048576K
}
Event: 1.822 GC heap after
{Heap after GC invocations=1 (full 0):
 garbage-first heap   total 131072K, used 6959K [0x0000000080200000, 0x0000000100000000)
  region size 1024K, 2 young (2048K), 2 survivors (2048K)
 Metaspace       used 5411K, capacity 5645K, committed 5888K, reserved 1056768K
  class space    used 628K, capacity 702K, committed 768K, reserved 1048576K
}
Event: 2.186 GC heap before
{Heap before GC invocations=1 (full 0):
 garbage-first heap   total 131072K, used 14127K [0x0000000080200000, 0x0000000100000000)
  region size 1024K, 9 young (9216K), 2 survivors (2048K)
 Metaspace       used 6781K, capacity 6989K, committed 7040K, reserved 1056768K
  class space    used 803K, capacity 874K, committed 896K, reserved 1048576K
}
Event: 2.193 GC heap after
{Heap after GC invocations=2 (full 0):
 garbage-first heap   total 131072K, used 7987K [0x0000000080200000, 0x0000000100000000)
  region size 1024K, 1 young (1024K), 1 survivors (1024K)
 Metaspace       used 6781K, capacity 6989K, committed 7040K, reserved 1056768K
  class space    used 803K, capacity 874K, committed 896K, reserved 1048576K
}
Event: 3.254 GC heap before
{Heap before GC invocations=2 (full 0):
 garbage-first heap   total 131072K, used 24371K [0x0000000080200000, 0x0000000100000000)
  region size 1024K, 18 young (18432K), 1 survivors (1024K)
 Metaspace       used 10441K, capacity 10743K, committed 11008K, reserved 1058816K
  class space    used 1366K, capacity 1461K, committed 1536K, reserved 1048576K
}
Event: 3.265 GC heap after
{Heap after GC invocations=3 (full 0):
 garbage-first heap   total 131072K, used 9294K [0x0000000080200000, 0x0000000100000000)
  region size 1024K, 3 young (3072K), 3 survivors (3072K)
 Metaspace       used 10441K, capacity 10743K, committed 11008K, reserved 1058816K
  class space    used 1366K, capacity 1461K, committed 1536K, reserved 1048576K
}
Event: 4.936 GC heap before
{Heap before GC invocations=3 (full 0):
 garbage-first heap   total 131072K, used 83022K [0x0000000080200000, 0x0000000100000000)
  region size 1024K, 76 young (77824K), 3 survivors (3072K)
 Metaspace       used 16493K, capacity 16803K, committed 16896K, reserved 1064960K
  class space    used 2136K, capacity 2237K, committed 2304K, reserved 1048576K
}
Event: 4.950 GC heap after
{Heap after GC invocations=4 (full 0):
 garbage-first heap   total 131072K, used 11934K [0x0000000080200000, 0x0000000100000000)
  region size 1024K, 5 young (5120K), 5 survivors (5120K)
 Metaspace       used 16493K, capacity 16803K, committed 16896K, reserved 1064960K
  class space    used 2136K, capacity 2237K, committed 2304K, reserved 1048576K
}
Event: 6.060 GC heap before
{Heap before GC invocations=4 (full 0):
 garbage-first heap   total 131072K, used 45726K [0x0000000080200000, 0x0000000100000000)
  region size 1024K, 39 young (39936K), 5 survivors (5120K)
 Metaspace       used 20782K, capacity 21142K, committed 21296K, reserved 1067008K
  class space    used 2764K, capacity 2878K, committed 2944K, reserved 1048576K
}

